Atividade-05/app/Atividade-04/app/build/outputs/logs/manifest-merger-debug-report.txt
-- Merging decision tree log ---
meta-data#com.google.android.geo.API_KEY
INJECTED from src/main/AndroidManifest.xml:61:9-62:47
	android:value
		INJECTED from src/main/AndroidManifest.xml
		ADDED from src/main/AndroidManifest.xml:62:13-44
	android:name
		ADDED from src/main/AndroidManifest.xml:61:20-65
manifest
ADDED from src/main/AndroidManifest.xml:2:1-66:12
INJECTED from src/main/AndroidManifest.xml:2:1-66:12
INJECTED from src/main/AndroidManifest.xml:2:1-66:12
INJECTED from src/main/AndroidManifest.xml:2:1-66:12
MERGED from [com.google.android.gms:play-services-location:21.3.0] AndroidManifest.xml:2:1-8:12
MERGED from [androidx.navigation:navigation-runtime-android:2.9.8] AndroidManifest.xml:17:1-22:12
MERGED from [androidx.navigation:navigation-common-android:2.9.8] AndroidManifest.xml:17:1-22:12
MERGED from [androidx.navigation:navigation-compose-android:2.9.8] AndroidManifest.xml:2:1-7:12
MERGED from [com.google.maps.android:maps-compose:8.3.0] AndroidManifest.xml:17:1-35:12
MERGED from [com.google.maps.android:maps-ktx:6.0.1] AndroidManifest.xml:18:1-36:12
MERGED from [com.google.android.gms:play-services-maps:20.0.0] AndroidManifest.xml:16:1-33:12
MERGED from [com.google.android.gms:play-services-base:18.5.0] AndroidManifest.xml:2:1-7:12
MERGED from [com.google.android.gms:play-services-tasks:18.2.0] AndroidManifest.xml:2:1-5:12
MERGED from [com.google.android.gms:play-services-basement:18.9.0] AndroidManifest.xml:16:1-26:12
MERGED from [androidx.fragment:fragment:1.1.0] AndroidManifest.xml:17:1-24:12
MERGED from [androidx.compose.material3:material3-android:1.4.0] AndroidManifest.xml:17:1-22:12
MERGED from [androidx.compose.material:material-android:1.10.5] AndroidManifest.xml:2:1-7:12
MERGED from [androidx.compose.animation:animation-core-android:1.10.5] AndroidManifest.xml:2:1-7:12
MERGED from [androidx.compose.material:material-ripple-android:1.10.5] AndroidManifest.xml:2:1-7:12
MERGED from [androidx.compose.animation:animation-android:1.10.5] AndroidManifest.xml:2:1-7:12
MERGED from [androidx.compose.foundation:foundation-layout-android:1.10.5] AndroidManifest.xml:2:1-7:12
MERGED from [androidx.compose.foundation:foundation-android:1.10.5] AndroidManifest.xml:2:1-7:12
MERGED from [androidx.compose.ui:ui-tooling-data-android:1.10.5] AndroidManifest.xml:2:1-7:12
MERGED from [androidx.compose.ui:ui-unit-android:1.10.5] AndroidManifest.xml:2:1-7:12
MERGED from [androidx.compose.ui:ui-geometry-android:1.10.5] AndroidManifest.xml:2:1-7:12
MERGED from [androidx.compose.ui:ui-util-android:1.10.5] AndroidManifest.xml:2:1-7:12
MERGED from [androidx.compose.ui:ui-text-android:1.10.5] AndroidManifest.xml:2:1-7:12
MERGED from [androidx.compose.ui:ui-tooling-preview-android:1.10.5] AndroidManifest.xml:17:1-22:12
MERGED from [androidx.compose.ui:ui-tooling-android:1.10.5] AndroidManifest.xml:17:1-28:12
MERGED from [androidx.compose.ui:ui-graphics-android:1.10.5] AndroidManifest.xml:2:1-7:12
MERGED from [androidx.compose.ui:ui-test-manifest:1.10.5] AndroidManifest.xml:17:1-29:12
MERGED from [androidx.activity:activity:1.8.2] AndroidManifest.xml:17:1-22:12
MERGED from [androidx.activity:activity-ktx:1.8.2] AndroidManifest.xml:2:1-7:12
MERGED from [androidx.activity:activity-compose:1.8.2] AndroidManifest.xml:2:1-7:12
MERGED from [androidx.compose.material:material-icons-extended-android:1.7.8] AndroidManifest.xml:2:1-7:12
MERGED from [androidx.compose.material:material-icons-core-android:1.7.8] AndroidManifest.xml:2:1-7:12
MERGED from [androidx.compose.ui:ui-android:1.10.5] AndroidManifest.xml:2:1-7:12
MERGED from [androidx.transition:transition:1.6.0] AndroidManifest.xml:2:1-7:12
MERGED from [androidx.dynamicanimation:dynamicanimation:1.0.0] AndroidManifest.xml:17:1-22:12
MERGED from [androidx.legacy:legacy-support-core-utils:1.0.0] AndroidManifest.xml:17:1-22:12
MERGED from [androidx.loader:loader:1.0.0] AndroidManifest.xml:17:1-22:12
MERGED from [androidx.emoji2:emoji2:1.4.0] AndroidManifest.xml:17:1-35:12
MERGED from [androidx.lifecycle:lifecycle-process:2.10.0] AndroidManifest.xml:17:1-35:12
MERGED from [androidx.lifecycle:lifecycle-livedata-core-ktx:2.10.0] AndroidManifest.xml:2:1-7:12
MERGED from [androidx.lifecycle:lifecycle-livedata:2.10.0] AndroidManifest.xml:17:1-22:12
MERGED from [androidx.lifecycle:lifecycle-livedata-core:2.10.0] AndroidManifest.xml:17:1-22:12
MERGED from [androidx.lifecycle:lifecycle-runtime-ktx-android:2.10.0] AndroidManifest.xml:2:1-7:12
MERGED from [androidx.compose.runtime:runtime-retain-android:1.10.5] AndroidManifest.xml:2:1-7:12
MERGED from [androidx.compose.runtime:runtime-annotation-android:1.10.5] AndroidManifest.xml:2:1-7:12
MERGED from [androidx.savedstate:savedstate-ktx:1.4.0] AndroidManifest.xml:2:1-7:12
MERGED from [androidx.savedstate:savedstate-android:1.4.0] AndroidManifest.xml:17:1-22:12
MERGED from [androidx.savedstate:savedstate-compose-android:1.4.0] AndroidManifest.xml:2:1-7:12
MERGED from [androidx.compose.runtime:runtime-android:1.10.5] AndroidManifest.xml:2:1-7:12
MERGED from [androidx.compose.runtime:runtime-saveable-android:1.10.5] AndroidManifest.xml:2:1-7:12
MERGED from [androidx.lifecycle:lifecycle-runtime-compose-android:2.10.0] AndroidManifest.xml:2:1-7:12
MERGED from [androidx.lifecycle:lifecycle-runtime-android:2.10.0] AndroidManifest.xml:17:1-22:12
MERGED from [androidx.lifecycle:lifecycle-viewmodel:2.10.0] AndroidManifest.xml:2:1-5:12
MERGED from [androidx.lifecycle:lifecycle-viewmodel-android:2.10.0] AndroidManifest.xml:17:1-22:12
MERGED from [androidx.lifecycle:lifecycle-viewmodel-savedstate-android:2.10.0] AndroidManifest.xml:17:1-22:12
MERGED from [androidx.customview:customview-poolingcontainer:1.0.0] AndroidManifest.xml:17:1-23:12
MERGED from [androidx.core:core-ktx:1.18.0] AndroidManifest.xml:2:1-7:12
MERGED from [androidx.viewpager:viewpager:1.0.0] AndroidManifest.xml:17:1-22:12
MERGED from [androidx.customview:customview:1.0.0] AndroidManifest.xml:17:1-22:12
MERGED from [androidx.autofill:autofill:1.0.0] AndroidManifest.xml:17:1-24:12
MERGED from [androidx.window:window-core-android:1.5.0] AndroidManifest.xml:2:1-7:12
MERGED from [androidx.window:window:1.5.0] AndroidManifest.xml:17:1-31:12
MERGED from [androidx.graphics:graphics-path:1.0.1] AndroidManifest.xml:2:1-7:12
MERGED from [androidx.core:core:1.18.0] AndroidManifest.xml:17:1-30:12
MERGED from [androidx.lifecycle:lifecycle-viewmodel-ktx:2.10.0] AndroidManifest.xml:2:1-7:12
MERGED from [androidx.lifecycle:lifecycle-viewmodel-compose-android:2.10.0] AndroidManifest.xml:2:1-7:12
MERGED from [androidx.profileinstaller:profileinstaller:1.4.0] AndroidManifest.xml:17:1-55:12
MERGED from [androidx.startup:startup-runtime:1.2.0] AndroidManifest.xml:17:1-31:12
MERGED from [androidx.databinding:viewbinding:8.13.2] AndroidManifest.xml:2:1-7:12
MERGED from [androidx.tracing:tracing:1.2.0] AndroidManifest.xml:17:1-22:12
MERGED from [androidx.interpolator:interpolator:1.0.0] AndroidManifest.xml:17:1-22:12
MERGED from [androidx.versionedparcelable:versionedparcelable:1.1.1] AndroidManifest.xml:17:1-27:12
MERGED from [androidx.arch.core:core-runtime:2.2.0] AndroidManifest.xml:17:1-22:12
MERGED from [androidx.documentfile:documentfile:1.0.0] AndroidManifest.xml:17:1-22:12
MERGED from [androidx.localbroadcastmanager:localbroadcastmanager:1.0.0] AndroidManifest.xml:17:1-22:12
MERGED from [androidx.print:print:1.0.0] AndroidManifest.xml:17:1-22:12
MERGED from [androidx.annotation:annotation-experimental:1.4.1] AndroidManifest.xml:2:1-7:12
MERGED from [androidx.core:core-viewtree:1.0.0] AndroidManifest.xml:2:1-7:12
	package
		INJECTED from src/main/AndroidManifest.xml
	android:versionName
		INJECTED from src/main/AndroidManifest.xml
	xmlns:tools
		ADDED from src/main/AndroidManifest.xml:3:5-51
	android:versionCode
		INJECTED from src/main/AndroidManifest.xml
	xmlns:android
		ADDED from src/main/AndroidManifest.xml:2:11-69
uses-permission#android.permission.ACCESS_FINE_LOCATION
ADDED from src/main/AndroidManifest.xml:4:5-79
	android:name
		ADDED from src/main/AndroidManifest.xml:4:22-76
uses-permission#android.permission.ACCESS_COARSE_LOCATION
ADDED from src/main/AndroidManifest.xml:5:5-81
	android:name
		ADDED from src/main/AndroidManifest.xml:5:22-78
application
ADDED from src/main/AndroidManifest.xml:6:5-64:19
INJECTED from src/main/AndroidManifest.xml:6:5-64:19
MERGED from [com.google.android.gms:play-services-location:21.3.0] AndroidManifest.xml:6:5-20
MERGED from [com.google.android.gms:play-services-location:21.3.0] AndroidManifest.xml:6:5-20
MERGED from [com.google.maps.android:maps-compose:8.3.0] AndroidManifest.xml:23:5-33:19
MERGED from [com.google.maps.android:maps-compose:8.3.0] AndroidManifest.xml:23:5-33:19
MERGED from [com.google.maps.android:maps-ktx:6.0.1] AndroidManifest.xml:24:5-34:19
MERGED from [com.google.maps.android:maps-ktx:6.0.1] AndroidManifest.xml:24:5-34:19
MERGED from [com.google.android.gms:play-services-maps:20.0.0] AndroidManifest.xml:31:5-32:19
MERGED from [com.google.android.gms:play-services-maps:20.0.0] AndroidManifest.xml:31:5-32:19
MERGED from [com.google.android.gms:play-services-base:18.5.0] AndroidManifest.xml:4:5-6:19
MERGED from [com.google.android.gms:play-services-base:18.5.0] AndroidManifest.xml:4:5-6:19
MERGED from [com.google.android.gms:play-services-tasks:18.2.0] AndroidManifest.xml:4:5-20
MERGED from [com.google.android.gms:play-services-tasks:18.2.0] AndroidManifest.xml:4:5-20
MERGED from [com.google.android.gms:play-services-basement:18.9.0] AndroidManifest.xml:20:5-24:19
MERGED from [com.google.android.gms:play-services-basement:18.9.0] AndroidManifest.xml:20:5-24:19
MERGED from [androidx.compose.ui:ui-tooling-android:1.10.5] AndroidManifest.xml:22:5-26:19
MERGED from [androidx.compose.ui:ui-tooling-android:1.10.5] AndroidManifest.xml:22:5-26:19
MERGED from [androidx.compose.ui:ui-test-manifest:1.10.5] AndroidManifest.xml:22:5-27:19
MERGED from [androidx.compose.ui:ui-test-manifest:1.10.5] AndroidManifest.xml:22:5-27:19
MERGED from [androidx.emoji2:emoji2:1.4.0] AndroidManifest.xml:23:5-33:19
MERGED from [androidx.emoji2:emoji2:1.4.0] AndroidManifest.xml:23:5-33:19
MERGED from [androidx.lifecycle:lifecycle-process:2.10.0] AndroidManifest.xml:23:5-33:19
MERGED from [androidx.lifecycle:lifecycle-process:2.10.0] AndroidManifest.xml:23:5-33:19
MERGED from [androidx.window:window:1.5.0] AndroidManifest.xml:22:5-29:19
MERGED from [androidx.window:window:1.5.0] AndroidManifest.xml:22:5-29:19
MERGED from [androidx.core:core:1.18.0] AndroidManifest.xml:28:5-89
MERGED from [androidx.core:core:1.18.0] AndroidManifest.xml:28:5-89
MERGED from [androidx.profileinstaller:profileinstaller:1.4.0] AndroidManifest.xml:23:5-53:19
MERGED from [androidx.profileinstaller:profileinstaller:1.4.0] AndroidManifest.xml:23:5-53:19
MERGED from [androidx.startup:startup-runtime:1.2.0] AndroidManifest.xml:23:5-29:19
MERGED from [androidx.startup:startup-runtime:1.2.0] AndroidManifest.xml:23:5-29:19
MERGED from [androidx.versionedparcelable:versionedparcelable:1.1.1] AndroidManifest.xml:24:5-25:19
MERGED from [androidx.versionedparcelable:versionedparcelable:1.1.1] AndroidManifest.xml:24:5-25:19
	android:extractNativeLibs
		INJECTED from src/main/AndroidManifest.xml
	android:appComponentFactory
		ADDED from [androidx.core:core:1.18.0] AndroidManifest.xml:28:18-86
	android:supportsRtl
		ADDED from src/main/AndroidManifest.xml:13:9-35
	android:label
		ADDED from src/main/AndroidManifest.xml:11:9-41
	android:fullBackupContent
		ADDED from src/main/AndroidManifest.xml:9:9-54
	android:roundIcon
		ADDED from src/main/AndroidManifest.xml:12:9-54
	android:icon
		ADDED from src/main/AndroidManifest.xml:10:9-43
	android:allowBackup
		ADDED from src/main/AndroidManifest.xml:7:9-35
	android:theme
		ADDED from src/main/AndroidManifest.xml:14:9-48
	android:dataExtractionRules
		ADDED from src/main/AndroidManifest.xml:8:9-65
activity#com.weatherapp.ui.nav.MainNavHost
ADDED from src/main/AndroidManifest.xml:15:9-19:55
	android:label
		ADDED from src/main/AndroidManifest.xml:18:13-65
	android:exported
		ADDED from src/main/AndroidManifest.xml:17:13-37
	android:theme
		ADDED from src/main/AndroidManifest.xml:19:13-52
	android:name
		ADDED from src/main/AndroidManifest.xml:16:13-47
activity#com.weatherapp.ui.nav.BottomNavItem
ADDED from src/main/AndroidManifest.xml:20:9-24:55
	android:label
		ADDED from src/main/AndroidManifest.xml:23:13-67
	android:exported
		ADDED from src/main/AndroidManifest.xml:22:13-37
	android:theme
		ADDED from src/main/AndroidManifest.xml:24:13-52
	android:name
		ADDED from src/main/AndroidManifest.xml:21:13-49
activity#com.weatherapp.ui.nav.BottomNavBar
ADDED from src/main/AndroidManifest.xml:25:9-29:55
	android:label
		ADDED from src/main/AndroidManifest.xml:28:13-66
	android:exported
		ADDED from src/main/AndroidManifest.xml:27:13-37
	android:theme
		ADDED from src/main/AndroidManifest.xml:29:13-52
	android:name
		ADDED from src/main/AndroidManifest.xml:26:13-48
activity#com.weatherapp.MapPage
ADDED from src/main/AndroidManifest.xml:30:9-34:55
	android:label
		ADDED from src/main/AndroidManifest.xml:33:13-60
	android:exported
		ADDED from src/main/AndroidManifest.xml:32:13-37
	android:theme
		ADDED from src/main/AndroidManifest.xml:34:13-52
	android:name
		ADDED from src/main/AndroidManifest.xml:31:13-36
activity#com.weatherapp.ListPage
ADDED from src/main/AndroidManifest.xml:35:9-39:55
	android:label
		ADDED from src/main/AndroidManifest.xml:38:13-61
	android:exported
		ADDED from src/main/AndroidManifest.xml:37:13-37
	android:theme
		ADDED from src/main/AndroidManifest.xml:39:13-52
	android:name
		ADDED from src/main/AndroidManifest.xml:36:13-37
activity#com.weatherapp.RegisterActivity
ADDED from src/main/AndroidManifest.xml:40:9-44:55
	android:label
		ADDED from src/main/AndroidManifest.xml:43:13-60
	android:exported
		ADDED from src/main/AndroidManifest.xml:42:13-37
	android:theme
		ADDED from src/main/AndroidManifest.xml:44:13-52
	android:name
		ADDED from src/main/AndroidManifest.xml:41:13-45
activity#com.weatherapp.LoginActivity
ADDED from src/main/AndroidManifest.xml:45:9-55:20
	android:label
		ADDED from src/main/AndroidManifest.xml:48:13-57
	android:exported
		ADDED from src/main/AndroidManifest.xml:47:13-36
	android:theme
		ADDED from src/main/AndroidManifest.xml:49:13-52
	android:name
		ADDED from src/main/AndroidManifest.xml:46:13-42
intent-filter#action:name:android.intent.action.MAIN+category:name:android.intent.category.LAUNCHER
ADDED from src/main/AndroidManifest.xml:50:13-54:29
action#android.intent.action.MAIN
ADDED from src/main/AndroidManifest.xml:51:17-69
	android:name
		ADDED from src/main/AndroidManifest.xml:51:25-66
category#android.intent.category.LAUNCHER
ADDED from src/main/AndroidManifest.xml:53:17-77
	android:name
		ADDED from src/main/AndroidManifest.xml:53:27-74
activity#com.weatherapp.MainActivity
ADDED from src/main/AndroidManifest.xml:56:9-60:55
	android:label
		ADDED from src/main/AndroidManifest.xml:59:13-45
	android:exported
		ADDED from src/main/AndroidManifest.xml:58:13-36
	android:theme
		ADDED from src/main/AndroidManifest.xml:60:13-52
	android:name
		ADDED from src/main/AndroidManifest.xml:57:13-41
uses-library#org.apache.http.legacy
ADDED from src/main/AndroidManifest.xml:63:9-88
	android:required
		ADDED from src/main/AndroidManifest.xml:63:61-85
	android:name
		ADDED from src/main/AndroidManifest.xml:63:23-60
uses-sdk
INJECTED from src/main/AndroidManifest.xml reason: use-sdk injection requested
INJECTED from src/main/AndroidManifest.xml
INJECTED from src/main/AndroidManifest.xml
MERGED from [com.google.android.gms:play-services-location:21.3.0] AndroidManifest.xml:4:5-44
MERGED from [com.google.android.gms:play-services-location:21.3.0] AndroidManifest.xml:4:5-44
MERGED from [androidx.navigation:navigation-runtime-android:2.9.8] AndroidManifest.xml:20:5-44
MERGED from [androidx.navigation:navigation-runtime-android:2.9.8] AndroidManifest.xml:20:5-44
MERGED from [androidx.navigation:navigation-common-android:2.9.8] AndroidManifest.xml:20:5-44
MERGED from [androidx.navigation:navigation-common-android:2.9.8] AndroidManifest.xml:20:5-44
MERGED from [androidx.navigation:navigation-compose-android:2.9.8] AndroidManifest.xml:5:5-44
MERGED from [androidx.navigation:navigation-compose-android:2.9.8] AndroidManifest.xml:5:5-44
MERGED from [com.google.maps.android:maps-compose:8.3.0] AndroidManifest.xml:21:5-44
MERGED from [com.google.maps.android:maps-compose:8.3.0] AndroidManifest.xml:21:5-44
MERGED from [com.google.maps.android:maps-ktx:6.0.1] AndroidManifest.xml:22:5-44
MERGED from [com.google.maps.android:maps-ktx:6.0.1] AndroidManifest.xml:22:5-44
MERGED from [com.google.android.gms:play-services-maps:20.0.0] AndroidManifest.xml:26:5-43
MERGED from [com.google.android.gms:play-services-maps:20.0.0] AndroidManifest.xml:26:5-43
MERGED from [com.google.android.gms:play-services-base:18.5.0] AndroidManifest.xml:3:5-44
MERGED from [com.google.android.gms:play-services-base:18.5.0] AndroidManifest.xml:3:5-44
MERGED from [com.google.android.gms:play-services-tasks:18.2.0] AndroidManifest.xml:3:5-44
MERGED from [com.google.android.gms:play-services-tasks:18.2.0] AndroidManifest.xml:3:5-44
MERGED from [com.google.android.gms:play-services-basement:18.9.0] AndroidManifest.xml:18:5-43
MERGED from [com.google.android.gms:play-services-basement:18.9.0] AndroidManifest.xml:18:5-43
MERGED from [androidx.fragment:fragment:1.1.0] AndroidManifest.xml:20:5-22:41
MERGED from [androidx.fragment:fragment:1.1.0] AndroidManifest.xml:20:5-22:41
MERGED from [androidx.compose.material3:material3-android:1.4.0] AndroidManifest.xml:20:5-44
MERGED from [androidx.compose.material3:material3-android:1.4.0] AndroidManifest.xml:20:5-44
MERGED from [androidx.compose.material:material-android:1.10.5] AndroidManifest.xml:5:5-44
MERGED from [androidx.compose.material:material-android:1.10.5] AndroidManifest.xml:5:5-44
MERGED from [androidx.compose.animation:animation-core-android:1.10.5] AndroidManifest.xml:5:5-44
MERGED from [androidx.compose.animation:animation-core-android:1.10.5] AndroidManifest.xml:5:5-44
MERGED from [androidx.compose.material:material-ripple-android:1.10.5] AndroidManifest.xml:5:5-44
MERGED from [androidx.compose.material:material-ripple-android:1.10.5] AndroidManifest.xml:5:5-44
MERGED from [androidx.compose.animation:animation-android:1.10.5] AndroidManifest.xml:5:5-44
MERGED from [androidx.compose.animation:animation-android:1.10.5] AndroidManifest.xml:5:5-44
MERGED from [androidx.compose.foundation:foundation-layout-android:1.10.5] AndroidManifest.xml:5:5-44
MERGED from [androidx.compose.foundation:foundation-layout-android:1.10.5] AndroidManifest.xml:5:5-44
MERGED from [androidx.compose.foundation:foundation-android:1.10.5] AndroidManifest.xml:5:5-44
MERGED from [androidx.compose.foundation:foundation-android:1.10.5] AndroidManifest.xml:5:5-44
MERGED from [androidx.compose.ui:ui-tooling-data-android:1.10.5] AndroidManifest.xml:5:5-44
MERGED from [androidx.compose.ui:ui-tooling-data-android:1.10.5] AndroidManifest.xml:5:5-44
MERGED from [androidx.compose.ui:ui-unit-android:1.10.5] AndroidManifest.xml:5:5-44
MERGED from [androidx.compose.ui:ui-unit-android:1.10.5] AndroidManifest.xml:5:5-44
MERGED from [androidx.compose.ui:ui-geometry-android:1.10.5] AndroidManifest.xml:5:5-44
MERGED from [androidx.compose.ui:ui-geometry-android:1.10.5] AndroidManifest.xml:5:5-44
MERGED from [androidx.compose.ui:ui-util-android:1.10.5] AndroidManifest.xml:5:5-44
MERGED from [androidx.compose.ui:ui-util-android:1.10.5] AndroidManifest.xml:5:5-44
MERGED from [androidx.compose.ui:ui-text-android:1.10.5] AndroidManifest.xml:5:5-44
MERGED from [androidx.compose.ui:ui-text-android:1.10.5] AndroidManifest.xml:5:5-44
MERGED from [androidx.compose.ui:ui-tooling-preview-android:1.10.5] AndroidManifest.xml:20:5-44
MERGED from [androidx.compose.ui:ui-tooling-preview-android:1.10.5] AndroidManifest.xml:20:5-44
MERGED from [androidx.compose.ui:ui-tooling-android:1.10.5] AndroidManifest.xml:20:5-44
MERGED from [androidx.compose.ui:ui-tooling-android:1.10.5] AndroidManifest.xml:20:5-44
MERGED from [androidx.compose.ui:ui-graphics-android:1.10.5] AndroidManifest.xml:5:5-44
MERGED from [androidx.compose.ui:ui-graphics-android:1.10.5] AndroidManifest.xml:5:5-44
MERGED from [androidx.compose.ui:ui-test-manifest:1.10.5] AndroidManifest.xml:20:5-44
MERGED from [androidx.compose.ui:ui-test-manifest:1.10.5] AndroidManifest.xml:20:5-44
MERGED from [androidx.activity:activity:1.8.2] AndroidManifest.xml:20:5-44
MERGED from [androidx.activity:activity:1.8.2] AndroidManifest.xml:20:5-44
MERGED from [androidx.activity:activity-ktx:1.8.2] AndroidManifest.xml:5:5-44
MERGED from [androidx.activity:activity-ktx:1.8.2] AndroidManifest.xml:5:5-44
MERGED from [androidx.activity:activity-compose:1.8.2] AndroidManifest.xml:5:5-44
MERGED from [androidx.activity:activity-compose:1.8.2] AndroidManifest.xml:5:5-44
MERGED from [androidx.compose.material:material-icons-extended-android:1.7.8] AndroidManifest.xml:5:5-44
MERGED from [androidx.compose.material:material-icons-extended-android:1.7.8] AndroidManifest.xml:5:5-44
MERGED from [androidx.compose.material:material-icons-core-android:1.7.8] AndroidManifest.xml:5:5-44
MERGED from [androidx.compose.material:material-icons-core-android:1.7.8] AndroidManifest.xml:5:5-44
MERGED from [androidx.compose.ui:ui-android:1.10.5] AndroidManifest.xml:5:5-44
MERGED from [androidx.compose.ui:ui-android:1.10.5] AndroidManifest.xml:5:5-44
MERGED from [androidx.transition:transition:1.6.0] AndroidManifest.xml:5:5-44
MERGED from [androidx.transition:transition:1.6.0] AndroidManifest.xml:5:5-44
MERGED from [androidx.dynamicanimation:dynamicanimation:1.0.0] AndroidManifest.xml:20:5-44
MERGED from [androidx.dynamicanimation:dynamicanimation:1.0.0] AndroidManifest.xml:20:5-44
MERGED from [androidx.legacy:legacy-support-core-utils:1.0.0] AndroidManifest.xml:20:5-44
MERGED from [androidx.legacy:legacy-support-core-utils:1.0.0] AndroidManifest.xml:20:5-44
MERGED from [androidx.loader:loader:1.0.0] AndroidManifest.xml:20:5-44
MERGED from [androidx.loader:loader:1.0.0] AndroidManifest.xml:20:5-44
MERGED from [androidx.emoji2:emoji2:1.4.0] AndroidManifest.xml:21:5-44
MERGED from [androidx.emoji2:emoji2:1.4.0] AndroidManifest.xml:21:5-44
MERGED from [androidx.lifecycle:lifecycle-process:2.10.0] AndroidManifest.xml:21:5-44
MERGED from [androidx.lifecycle:lifecycle-process:2.10.0] AndroidManifest.xml:21:5-44
MERGED from [androidx.lifecycle:lifecycle-livedata-core-ktx:2.10.0] AndroidManifest.xml:5:5-44
MERGED from [androidx.lifecycle:lifecycle-livedata-core-ktx:2.10.0] AndroidManifest.xml:5:5-44
MERGED from [androidx.lifecycle:lifecycle-livedata:2.10.0] AndroidManifest.xml:20:5-44
MERGED from [androidx.lifecycle:lifecycle-livedata:2.10.0] AndroidManifest.xml:20:5-44
MERGED from [androidx.lifecycle:lifecycle-livedata-core:2.10.0] AndroidManifest.xml:20:5-44
MERGED from [androidx.lifecycle:lifecycle-livedata-core:2.10.0] AndroidManifest.xml:20:5-44
MERGED from [androidx.lifecycle:lifecycle-runtime-ktx-android:2.10.0] AndroidManifest.xml:5:5-44
MERGED from [androidx.lifecycle:lifecycle-runtime-ktx-android:2.10.0] AndroidManifest.xml:5:5-44
MERGED from [androidx.compose.runtime:runtime-retain-android:1.10.5] AndroidManifest.xml:5:5-44
MERGED from [androidx.compose.runtime:runtime-retain-android:1.10.5] AndroidManifest.xml:5:5-44
MERGED from [androidx.compose.runtime:runtime-annotation-android:1.10.5] AndroidManifest.xml:5:5-44
MERGED from [androidx.compose.runtime:runtime-annotation-android:1.10.5] AndroidManifest.xml:5:5-44
MERGED from [androidx.savedstate:savedstate-ktx:1.4.0] AndroidManifest.xml:5:5-44
MERGED from [androidx.savedstate:savedstate-ktx:1.4.0] AndroidManifest.xml:5:5-44
MERGED from [androidx.savedstate:savedstate-android:1.4.0] AndroidManifest.xml:20:5-44
MERGED from [androidx.savedstate:savedstate-android:1.4.0] AndroidManifest.xml:20:5-44
MERGED from [androidx.savedstate:savedstate-compose-android:1.4.0] AndroidManifest.xml:5:5-44
MERGED from [androidx.savedstate:savedstate-compose-android:1.4.0] AndroidManifest.xml:5:5-44
MERGED from [androidx.compose.runtime:runtime-android:1.10.5] AndroidManifest.xml:5:5-44
MERGED from [androidx.compose.runtime:runtime-android:1.10.5] AndroidManifest.xml:5:5-44
MERGED from [androidx.compose.runtime:runtime-saveable-android:1.10.5] AndroidManifest.xml:5:5-44
MERGED from [androidx.compose.runtime:runtime-saveable-android:1.10.5] AndroidManifest.xml:5:5-44
MERGED from [androidx.lifecycle:lifecycle-runtime-compose-android:2.10.0] AndroidManifest.xml:5:5-44
MERGED from [androidx.lifecycle:lifecycle-runtime-compose-android:2.10.0] AndroidManifest.xml:5:5-44
MERGED from [androidx.lifecycle:lifecycle-runtime-android:2.10.0] AndroidManifest.xml:20:5-44
MERGED from [androidx.lifecycle:lifecycle-runtime-android:2.10.0] AndroidManifest.xml:20:5-44
MERGED from [androidx.lifecycle:lifecycle-viewmodel:2.10.0] AndroidManifest.xml:4:5-43
MERGED from [androidx.lifecycle:lifecycle-viewmodel:2.10.0] AndroidManifest.xml:4:5-43
MERGED from [androidx.lifecycle:lifecycle-viewmodel-android:2.10.0] AndroidManifest.xml:20:5-44
MERGED from [androidx.lifecycle:lifecycle-viewmodel-android:2.10.0] AndroidManifest.xml:20:5-44
MERGED from [androidx.lifecycle:lifecycle-viewmodel-savedstate-android:2.10.0] AndroidManifest.xml:20:5-44
MERGED from [androidx.lifecycle:lifecycle-viewmodel-savedstate-android:2.10.0] AndroidManifest.xml:20:5-44
MERGED from [androidx.customview:customview-poolingcontainer:1.0.0] AndroidManifest.xml:20:5-21:38
MERGED from [androidx.customview:customview-poolingcontainer:1.0.0] AndroidManifest.xml:20:5-21:38
MERGED from [androidx.core:core-ktx:1.18.0] AndroidManifest.xml:5:5-44
MERGED from [androidx.core:core-ktx:1.18.0] AndroidManifest.xml:5:5-44
MERGED from [androidx.viewpager:viewpager:1.0.0] AndroidManifest.xml:20:5-44
MERGED from [androidx.viewpager:viewpager:1.0.0] AndroidManifest.xml:20:5-44
MERGED from [androidx.customview:customview:1.0.0] AndroidManifest.xml:20:5-44
MERGED from [androidx.customview:customview:1.0.0] AndroidManifest.xml:20:5-44
MERGED from [androidx.autofill:autofill:1.0.0] AndroidManifest.xml:20:5-22:41
MERGED from [androidx.autofill:autofill:1.0.0] AndroidManifest.xml:20:5-22:41
MERGED from [androidx.window:window-core-android:1.5.0] AndroidManifest.xml:5:5-44
MERGED from [androidx.window:window-core-android:1.5.0] AndroidManifest.xml:5:5-44
MERGED from [androidx.window:window:1.5.0] AndroidManifest.xml:20:5-44
MERGED from [androidx.window:window:1.5.0] AndroidManifest.xml:20:5-44
MERGED from [androidx.graphics:graphics-path:1.0.1] AndroidManifest.xml:5:5-44
MERGED from [androidx.graphics:graphics-path:1.0.1] AndroidManifest.xml:5:5-44
MERGED from [androidx.core:core:1.18.0] AndroidManifest.xml:20:5-44
MERGED from [androidx.core:core:1.18.0] AndroidManifest.xml:20:5-44
MERGED from [androidx.lifecycle:lifecycle-viewmodel-ktx:2.10.0] AndroidManifest.xml:5:5-44
MERGED from [androidx.lifecycle:lifecycle-viewmodel-ktx:2.10.0] AndroidManifest.xml:5:5-44
MERGED from [androidx.lifecycle:lifecycle-viewmodel-compose-android:2.10.0] AndroidManifest.xml:5:5-44
MERGED from [androidx.lifecycle:lifecycle-viewmodel-compose-android:2.10.0] AndroidManifest.xml:5:5-44
MERGED from [androidx.profileinstaller:profileinstaller:1.4.0] AndroidManifest.xml:21:5-44
MERGED from [androidx.profileinstaller:profileinstaller:1.4.0] AndroidManifest.xml:21:5-44
MERGED from [androidx.startup:startup-runtime:1.2.0] AndroidManifest.xml:21:5-44
MERGED from [androidx.startup:startup-runtime:1.2.0] AndroidManifest.xml:21:5-44
MERGED from [androidx.databinding:viewbinding:8.13.2] AndroidManifest.xml:5:5-44
MERGED from [androidx.databinding:viewbinding:8.13.2] AndroidManifest.xml:5:5-44
MERGED from [androidx.tracing:tracing:1.2.0] AndroidManifest.xml:20:5-44
MERGED from [androidx.tracing:tracing:1.2.0] AndroidManifest.xml:20:5-44
MERGED from [androidx.interpolator:interpolator:1.0.0] AndroidManifest.xml:20:5-44
MERGED from [androidx.interpolator:interpolator:1.0.0] AndroidManifest.xml:20:5-44
MERGED from [androidx.versionedparcelable:versionedparcelable:1.1.1] AndroidManifest.xml:20:5-22:41
MERGED from [androidx.versionedparcelable:versionedparcelable:1.1.1] AndroidManifest.xml:20:5-22:41
MERGED from [androidx.arch.core:core-runtime:2.2.0] AndroidManifest.xml:20:5-44
MERGED from [androidx.arch.core:core-runtime:2.2.0] AndroidManifest.xml:20:5-44
MERGED from [androidx.documentfile:documentfile:1.0.0] AndroidManifest.xml:20:5-44
MERGED from [androidx.documentfile:documentfile:1.0.0] AndroidManifest.xml:20:5-44
MERGED from [androidx.localbroadcastmanager:localbroadcastmanager:1.0.0] AndroidManifest.xml:20:5-44
MERGED from [androidx.localbroadcastmanager:localbroadcastmanager:1.0.0] AndroidManifest.xml:20:5-44
MERGED from [androidx.print:print:1.0.0] AndroidManifest.xml:20:5-44
MERGED from [androidx.print:print:1.0.0] AndroidManifest.xml:20:5-44
MERGED from [androidx.annotation:annotation-experimental:1.4.1] AndroidManifest.xml:5:5-44
MERGED from [androidx.annotation:annotation-experimental:1.4.1] AndroidManifest.xml:5:5-44
MERGED from [androidx.core:core-viewtree:1.0.0] AndroidManifest.xml:5:5-44
MERGED from [androidx.core:core-viewtree:1.0.0] AndroidManifest.xml:5:5-44
	android:targetSdkVersion
		INJECTED from src/main/AndroidManifest.xml
	android:minSdkVersion
		INJECTED from src/main/AndroidManifest.xml
provider#androidx.startup.InitializationProvider
ADDED from [com.google.maps.android:maps-compose:8.3.0] AndroidManifest.xml:24:9-32:20
MERGED from [com.google.maps.android:maps-ktx:6.0.1] AndroidManifest.xml:25:9-33:20
MERGED from [com.google.maps.android:maps-ktx:6.0.1] AndroidManifest.xml:25:9-33:20
MERGED from [androidx.emoji2:emoji2:1.4.0] AndroidManifest.xml:24:9-32:20
MERGED from [androidx.emoji2:emoji2:1.4.0] AndroidManifest.xml:24:9-32:20
MERGED from [androidx.lifecycle:lifecycle-process:2.10.0] AndroidManifest.xml:24:9-32:20